<?xml version="1.0" encoding="UTF-8"?>
<!-- Generated by org.testng.reporters.JUnitXMLReporter -->
<testsuite ignored="0" hostname="suba-pc" failures="3" tests="10" name="Test" time="152.21" errors="0" timestamp="2023-06-05T12:32:00 EDT">
  <testcase classname="com.HrmOrangeProject.Page.EmergencyContactspage" name="test" time="9.026"/>
  <testcase classname="com.HrmOrangeProject.Page.ContactsPage" name="test" time="8.311"/>
  <testcase classname="com.HrmOrangeProject.Page.AdminPage" name="addUserAdminTab" time="16.717"/>
  <testcase classname="com.HrmOrangeProject.Page.AdminPage" name="searchAdminTab" time="0.001">
    <failure type="org.testng.internal.reflect.MethodMatcherException" message="
[public void com.HrmOrangeProject.Page.AdminPage.searchAdminTab(java.lang.String,java.lang.String,java.lang.String,java.lang.String) throws java.lang.InterruptedException] has no parameters defined but was found to be using a data provider (either explicitly specified or inherited from class level annotation).
Data provider mismatch
Method: searchAdminTab([java.lang.String arg0, java.lang.String arg1, java.lang.String arg2, java.lang.String arg3])
Arguments: [(java.lang.String) Es,(java.lang.String) Sam,(java.lang.String) E,(java.lang.String) SamMorris1,(java.lang.String) Numpy@ninja1,(java.lang.String) Numpy@ninja1]">
      <![CDATA[org.testng.internal.reflect.MethodMatcherException: 
[public void com.HrmOrangeProject.Page.AdminPage.searchAdminTab(java.lang.String,java.lang.String,java.lang.String,java.lang.String) throws java.lang.InterruptedException] has no parameters defined but was found to be using a data provider (either explicitly specified or inherited from class level annotation).
Data provider mismatch
Method: searchAdminTab([java.lang.String arg0, java.lang.String arg1, java.lang.String arg2, java.lang.String arg3])
Arguments: [(java.lang.String) Es,(java.lang.String) Sam,(java.lang.String) E,(java.lang.String) SamMorris1,(java.lang.String) Numpy@ninja1,(java.lang.String) Numpy@ninja1]
at java.base/java.util.ArrayList.forEach(ArrayList.java:1511)
... Removed 22 stack frames]]>
    </failure>
  </testcase> <!-- searchAdminTab -->
  <testcase classname="com.HrmOrangeProject.Page.AdminPage" name="logOut" time="0.0">
    <failure type="org.testng.internal.reflect.MethodMatcherException" message="
[public void com.HrmOrangeProject.Page.AdminPage.logOut(java.lang.String,java.lang.String)] has no parameters defined but was found to be using a data provider (either explicitly specified or inherited from class level annotation).
Data provider mismatch
Method: logOut([java.lang.String arg0, java.lang.String arg1])
Arguments: [(java.lang.String) Es,(java.lang.String) Sam,(java.lang.String) E,(java.lang.String) SamMorris1,(java.lang.String) Numpy@ninja1,(java.lang.String) Numpy@ninja1]">
      <![CDATA[org.testng.internal.reflect.MethodMatcherException: 
[public void com.HrmOrangeProject.Page.AdminPage.logOut(java.lang.String,java.lang.String)] has no parameters defined but was found to be using a data provider (either explicitly specified or inherited from class level annotation).
Data provider mismatch
Method: logOut([java.lang.String arg0, java.lang.String arg1])
Arguments: [(java.lang.String) Es,(java.lang.String) Sam,(java.lang.String) E,(java.lang.String) SamMorris1,(java.lang.String) Numpy@ninja1,(java.lang.String) Numpy@ninja1]
at java.base/java.util.ArrayList.forEach(ArrayList.java:1511)
... Removed 22 stack frames]]>
    </failure>
  </testcase> <!-- logOut -->
  <testcase classname="com.HrmOrangeProject.Page.RecruitmentPage" name="homePageUrlChk" time="0.019"/>
  <testcase classname="com.HrmOrangeProject.Page.RecruitmentPage" name="recruitmentPageTest" time="48.499"/>
  <testcase classname="com.HrmOrangeProject.Page.DependentsPage" name="test" time="8.977"/>
  <testcase classname="com.HrmOrangeProject.Page.RecruitmentPage" name="homePageUrlChk" time="0.03"/>
  <testcase classname="com.HrmOrangeProject.Page.RecruitmentPage" name="recruitmentPageTest" time="8.319">
    <failure type="java.lang.NullPointerException" message="Cannot invoke &amp;quot;org.openqa.selenium.interactions.Actions.scrollToElement(org.openqa.selenium.WebElement)&amp;quot; because &amp;quot;this.act&amp;quot; is null">
      <![CDATA[java.lang.NullPointerException: Cannot invoke "org.openqa.selenium.interactions.Actions.scrollToElement(org.openqa.selenium.WebElement)" because "this.act" is null
at com.HrmOrangeProject.Page.RecruitmentPage.recruitmentPageTest(RecruitmentPage.java:218)
at java.base/java.util.ArrayList.forEach(ArrayList.java:1511)
... Removed 27 stack frames]]>
    </failure>
  </testcase> <!-- recruitmentPageTest -->
</testsuite> <!-- Test -->
