<html>
<head>
<title>TestNG:  Test</title>
<link href="../testng.css" rel="stylesheet" type="text/css" />
<link href="../my-testng.css" rel="stylesheet" type="text/css" />

<style type="text/css">
.log { display: none;} 
.stack-trace { display: none;} 
</style>
<script type="text/javascript">
<!--
function flip(e) {
  current = e.style.display;
  if (current == 'block') {
    e.style.display = 'none';
    return 0;
  }
  else {
    e.style.display = 'block';
    return 1;
  }
}

function toggleBox(szDivId, elem, msg1, msg2)
{
  var res = -1;  if (document.getElementById) {
    res = flip(document.getElementById(szDivId));
  }
  else if (document.all) {
    // this is the way old msie versions work
    res = flip(document.all[szDivId]);
  }
  if(elem) {
    if(res == 0) elem.innerHTML = msg1; else elem.innerHTML = msg2;
  }

}

function toggleAllBoxes() {
  if (document.getElementsByTagName) {
    d = document.getElementsByTagName('div');
    for (i = 0; i < d.length; i++) {
      if (d[i].className == 'log') {
        flip(d[i]);
      }
    }
  }
}

// -->
</script>

</head>
<body>
<h2 align='center'>Test</h2><table border='1' align="center">
<tr>
<td>Tests passed/Failed/Skipped:</td><td>7/3/0</td>
</tr><tr>
<td>Started on:</td><td>Mon Jun 05 12:29:28 EDT 2023</td>
</tr>
<tr><td>Total time:</td><td>152 seconds (152210 ms)</td>
</tr><tr>
<td>Included groups:</td><td></td>
</tr><tr>
<td>Excluded groups:</td><td></td>
</tr>
</table><p/>
<small><i>(Hover the method name to see the test class name)</i></small><p/>
<table width='100%' border='1' class='invocation-failed'>
<tr><td colspan='4' align='center'><b>FAILED TESTS</b></td></tr>
<tr><td><b>Test method</b></td>
<td><b>Attribute(s)</b></td>
<td width="30%"><b>Exception</b></td>
<td width="10%"><b>Time (seconds)</b></td>
<td><b>Instance</b></td>
</tr>
<tr>
<td title='com.HrmOrangeProject.Page.AdminPage.searchAdminTab()'><b>searchAdminTab</b><br>Test class: com.HrmOrangeProject.Page.AdminPage</td>
<td><div><pre>org.testng.internal.reflect.MethodMatcherException: 
[public void com.HrmOrangeProject.Page.AdminPage.searchAdminTab(java.lang.String,java.lang.String,java.lang.String,java.lang.String) throws java.lang.InterruptedException] has no parameters defined but was found to be using a data provider (either explicitly specified or inherited from class level annotation).
Data provider mismatch
Method: searchAdminTab([java.lang.String arg0, java.lang.String arg1, java.lang.String arg2, java.lang.String arg3])
Arguments: [(java.lang.String) Es,(java.lang.String) Sam,(java.lang.String) E,(java.lang.String) SamMorris1,(java.lang.String) Numpy@ninja1,(java.lang.String) Numpy@ninja1]
	at java.base/java.util.ArrayList.forEach(ArrayList.java:1511)
... Removed 22 stack frames</pre></div><a href='#' onClick='toggleBox("stack-trace1250848393", this, "Click to show all stack frames", "Click to hide stack frames")'>Click to show all stack frames</a>
<div class='stack-trace' id='stack-trace1250848393'><pre>org.testng.internal.reflect.MethodMatcherException: 
[public void com.HrmOrangeProject.Page.AdminPage.searchAdminTab(java.lang.String,java.lang.String,java.lang.String,java.lang.String) throws java.lang.InterruptedException] has no parameters defined but was found to be using a data provider (either explicitly specified or inherited from class level annotation).
Data provider mismatch
Method: searchAdminTab([java.lang.String arg0, java.lang.String arg1, java.lang.String arg2, java.lang.String arg3])
Arguments: [(java.lang.String) Es,(java.lang.String) Sam,(java.lang.String) E,(java.lang.String) SamMorris1,(java.lang.String) Numpy@ninja1,(java.lang.String) Numpy@ninja1]
	at org.testng.internal.reflect.DataProviderMethodMatcher.getConformingArguments(DataProviderMethodMatcher.java:46)
	at org.testng.internal.Parameters.injectParameters(Parameters.java:909)
	at org.testng.internal.invokers.MethodRunner.runInSequence(MethodRunner.java:37)
	at org.testng.internal.invokers.TestInvoker$MethodInvocationAgent.invoke(TestInvoker.java:969)
	at org.testng.internal.invokers.TestInvoker.invokeTestMethods(TestInvoker.java:194)
	at org.testng.internal.invokers.TestMethodWorker.invokeTestMethods(TestMethodWorker.java:148)
	at org.testng.internal.invokers.TestMethodWorker.run(TestMethodWorker.java:128)
	at java.base/java.util.ArrayList.forEach(ArrayList.java:1511)
	at org.testng.TestRunner.privateRun(TestRunner.java:829)
	at org.testng.TestRunner.run(TestRunner.java:602)
	at org.testng.SuiteRunner.runTest(SuiteRunner.java:437)
	at org.testng.SuiteRunner.runSequentially(SuiteRunner.java:431)
	at org.testng.SuiteRunner.privateRun(SuiteRunner.java:391)
	at org.testng.SuiteRunner.run(SuiteRunner.java:330)
	at org.testng.SuiteRunnerWorker.runSuite(SuiteRunnerWorker.java:52)
	at org.testng.SuiteRunnerWorker.run(SuiteRunnerWorker.java:95)
	at org.testng.TestNG.runSuitesSequentially(TestNG.java:1256)
	at org.testng.TestNG.runSuitesLocally(TestNG.java:1176)
	at org.testng.TestNG.runSuites(TestNG.java:1099)
	at org.testng.TestNG.run(TestNG.java:1067)
	at org.testng.remote.AbstractRemoteTestNG.run(AbstractRemoteTestNG.java:115)
	at org.testng.remote.RemoteTestNG.initAndRun(RemoteTestNG.java:251)
	at org.testng.remote.RemoteTestNG.main(RemoteTestNG.java:77)
</pre></div></td>
<td>0</td>
<td>com.HrmOrangeProject.Page.AdminPage@6a8658ff</td></tr>
<tr>
<td title='com.HrmOrangeProject.Page.AdminPage.logOut()'><b>logOut</b><br>Test class: com.HrmOrangeProject.Page.AdminPage</td>
<td><div><pre>org.testng.internal.reflect.MethodMatcherException: 
[public void com.HrmOrangeProject.Page.AdminPage.logOut(java.lang.String,java.lang.String)] has no parameters defined but was found to be using a data provider (either explicitly specified or inherited from class level annotation).
Data provider mismatch
Method: logOut([java.lang.String arg0, java.lang.String arg1])
Arguments: [(java.lang.String) Es,(java.lang.String) Sam,(java.lang.String) E,(java.lang.String) SamMorris1,(java.lang.String) Numpy@ninja1,(java.lang.String) Numpy@ninja1]
	at java.base/java.util.ArrayList.forEach(ArrayList.java:1511)
... Removed 22 stack frames</pre></div><a href='#' onClick='toggleBox("stack-trace1674938191", this, "Click to show all stack frames", "Click to hide stack frames")'>Click to show all stack frames</a>
<div class='stack-trace' id='stack-trace1674938191'><pre>org.testng.internal.reflect.MethodMatcherException: 
[public void com.HrmOrangeProject.Page.AdminPage.logOut(java.lang.String,java.lang.String)] has no parameters defined but was found to be using a data provider (either explicitly specified or inherited from class level annotation).
Data provider mismatch
Method: logOut([java.lang.String arg0, java.lang.String arg1])
Arguments: [(java.lang.String) Es,(java.lang.String) Sam,(java.lang.String) E,(java.lang.String) SamMorris1,(java.lang.String) Numpy@ninja1,(java.lang.String) Numpy@ninja1]
	at org.testng.internal.reflect.DataProviderMethodMatcher.getConformingArguments(DataProviderMethodMatcher.java:46)
	at org.testng.internal.Parameters.injectParameters(Parameters.java:909)
	at org.testng.internal.invokers.MethodRunner.runInSequence(MethodRunner.java:37)
	at org.testng.internal.invokers.TestInvoker$MethodInvocationAgent.invoke(TestInvoker.java:969)
	at org.testng.internal.invokers.TestInvoker.invokeTestMethods(TestInvoker.java:194)
	at org.testng.internal.invokers.TestMethodWorker.invokeTestMethods(TestMethodWorker.java:148)
	at org.testng.internal.invokers.TestMethodWorker.run(TestMethodWorker.java:128)
	at java.base/java.util.ArrayList.forEach(ArrayList.java:1511)
	at org.testng.TestRunner.privateRun(TestRunner.java:829)
	at org.testng.TestRunner.run(TestRunner.java:602)
	at org.testng.SuiteRunner.runTest(SuiteRunner.java:437)
	at org.testng.SuiteRunner.runSequentially(SuiteRunner.java:431)
	at org.testng.SuiteRunner.privateRun(SuiteRunner.java:391)
	at org.testng.SuiteRunner.run(SuiteRunner.java:330)
	at org.testng.SuiteRunnerWorker.runSuite(SuiteRunnerWorker.java:52)
	at org.testng.SuiteRunnerWorker.run(SuiteRunnerWorker.java:95)
	at org.testng.TestNG.runSuitesSequentially(TestNG.java:1256)
	at org.testng.TestNG.runSuitesLocally(TestNG.java:1176)
	at org.testng.TestNG.runSuites(TestNG.java:1099)
	at org.testng.TestNG.run(TestNG.java:1067)
	at org.testng.remote.AbstractRemoteTestNG.run(AbstractRemoteTestNG.java:115)
	at org.testng.remote.RemoteTestNG.initAndRun(RemoteTestNG.java:251)
	at org.testng.remote.RemoteTestNG.main(RemoteTestNG.java:77)
</pre></div></td>
<td>0</td>
<td>com.HrmOrangeProject.Page.AdminPage@6a8658ff</td></tr>
<tr>
<td title='com.HrmOrangeProject.Page.DependentsPage.recruitmentPageTest()'><b>recruitmentPageTest</b><br>Test class: com.HrmOrangeProject.Page.DependentsPage</td>
<td><div><pre>java.lang.NullPointerException: Cannot invoke &quot;org.openqa.selenium.interactions.Actions.scrollToElement(org.openqa.selenium.WebElement)&quot; because &quot;this.act&quot; is null
	at com.HrmOrangeProject.Page.RecruitmentPage.recruitmentPageTest(RecruitmentPage.java:218)
	at java.base/java.util.ArrayList.forEach(ArrayList.java:1511)
... Removed 27 stack frames</pre></div><a href='#' onClick='toggleBox("stack-trace1663149482", this, "Click to show all stack frames", "Click to hide stack frames")'>Click to show all stack frames</a>
<div class='stack-trace' id='stack-trace1663149482'><pre>java.lang.NullPointerException: Cannot invoke &quot;org.openqa.selenium.interactions.Actions.scrollToElement(org.openqa.selenium.WebElement)&quot; because &quot;this.act&quot; is null
	at com.HrmOrangeProject.Page.RecruitmentPage.recruitmentPageTest(RecruitmentPage.java:218)
	at java.base/jdk.internal.reflect.NativeMethodAccessorImpl.invoke0(Native Method)
	at java.base/jdk.internal.reflect.NativeMethodAccessorImpl.invoke(NativeMethodAccessorImpl.java:77)
	at java.base/jdk.internal.reflect.DelegatingMethodAccessorImpl.invoke(DelegatingMethodAccessorImpl.java:43)
	at java.base/java.lang.reflect.Method.invoke(Method.java:568)
	at org.testng.internal.invokers.MethodInvocationHelper.invokeMethod(MethodInvocationHelper.java:139)
	at org.testng.internal.invokers.TestInvoker.invokeMethod(TestInvoker.java:677)
	at org.testng.internal.invokers.TestInvoker.invokeTestMethod(TestInvoker.java:221)
	at org.testng.internal.invokers.MethodRunner.runInSequence(MethodRunner.java:50)
	at org.testng.internal.invokers.TestInvoker$MethodInvocationAgent.invoke(TestInvoker.java:969)
	at org.testng.internal.invokers.TestInvoker.invokeTestMethods(TestInvoker.java:194)
	at org.testng.internal.invokers.TestMethodWorker.invokeTestMethods(TestMethodWorker.java:148)
	at org.testng.internal.invokers.TestMethodWorker.run(TestMethodWorker.java:128)
	at java.base/java.util.ArrayList.forEach(ArrayList.java:1511)
	at org.testng.TestRunner.privateRun(TestRunner.java:829)
	at org.testng.TestRunner.run(TestRunner.java:602)
	at org.testng.SuiteRunner.runTest(SuiteRunner.java:437)
	at org.testng.SuiteRunner.runSequentially(SuiteRunner.java:431)
	at org.testng.SuiteRunner.privateRun(SuiteRunner.java:391)
	at org.testng.SuiteRunner.run(SuiteRunner.java:330)
	at org.testng.SuiteRunnerWorker.runSuite(SuiteRunnerWorker.java:52)
	at org.testng.SuiteRunnerWorker.run(SuiteRunnerWorker.java:95)
	at org.testng.TestNG.runSuitesSequentially(TestNG.java:1256)
	at org.testng.TestNG.runSuitesLocally(TestNG.java:1176)
	at org.testng.TestNG.runSuites(TestNG.java:1099)
	at org.testng.TestNG.run(TestNG.java:1067)
	at org.testng.remote.AbstractRemoteTestNG.run(AbstractRemoteTestNG.java:115)
	at org.testng.remote.RemoteTestNG.initAndRun(RemoteTestNG.java:251)
	at org.testng.remote.RemoteTestNG.main(RemoteTestNG.java:77)
</pre></div></td>
<td>8</td>
<td>com.HrmOrangeProject.Page.DependentsPage@333d4a8c</td></tr>
</table><p>
<table width='100%' border='1' class='invocation-passed'>
<tr><td colspan='4' align='center'><b>PASSED TESTS</b></td></tr>
<tr><td><b>Test method</b></td>
<td><b>Attribute(s)</b></td>
<td width="30%"><b>Exception</b></td>
<td width="10%"><b>Time (seconds)</b></td>
<td><b>Instance</b></td>
</tr>
<tr>
<td title='com.HrmOrangeProject.Page.ContactsPage.test()'><b>test</b><br>Test class: com.HrmOrangeProject.Page.ContactsPage</td>
<td></td>
<td>8</td>
<td>com.HrmOrangeProject.Page.ContactsPage@4201c465</td></tr>
<tr>
<td title='com.HrmOrangeProject.Page.RecruitmentPage.recruitmentPageTest()'><b>recruitmentPageTest</b><br>Test class: com.HrmOrangeProject.Page.RecruitmentPage</td>
<td></td>
<td>48</td>
<td>com.HrmOrangeProject.Page.RecruitmentPage@1c742ed4</td></tr>
<tr>
<td title='com.HrmOrangeProject.Page.DependentsPage.test()'><b>test</b><br>Test class: com.HrmOrangeProject.Page.DependentsPage</td>
<td></td>
<td>8</td>
<td>com.HrmOrangeProject.Page.DependentsPage@333d4a8c</td></tr>
<tr>
<td title='com.HrmOrangeProject.Page.DependentsPage.homePageUrlChk()'><b>homePageUrlChk</b><br>Test class: com.HrmOrangeProject.Page.DependentsPage</td>
<td></td>
<td>0</td>
<td>com.HrmOrangeProject.Page.DependentsPage@333d4a8c</td></tr>
<tr>
<td title='com.HrmOrangeProject.Page.AdminPage.addUserAdminTab()'><b>addUserAdminTab</b><br>Test class: com.HrmOrangeProject.Page.AdminPage<br>Parameters: Es, Sam, E, SamMorris1, Numpy@ninja1, Numpy@ninja1</td>
<td></td>
<td>16</td>
<td>com.HrmOrangeProject.Page.AdminPage@6a8658ff</td></tr>
<tr>
<td title='com.HrmOrangeProject.Page.RecruitmentPage.homePageUrlChk()'><b>homePageUrlChk</b><br>Test class: com.HrmOrangeProject.Page.RecruitmentPage</td>
<td></td>
<td>0</td>
<td>com.HrmOrangeProject.Page.RecruitmentPage@1c742ed4</td></tr>
<tr>
<td title='com.HrmOrangeProject.Page.EmergencyContactspage.test()'><b>test</b><br>Test class: com.HrmOrangeProject.Page.EmergencyContactspage</td>
<td></td>
<td>9</td>
<td>com.HrmOrangeProject.Page.EmergencyContactspage@5ddeb7cb</td></tr>
</table><p>
</body>
</html>